// license:BSD-3-Clause
// copyright-holders:Aaron Giles
/******************************************************************************

    mame.lst

    This is not an automatically generated file, and it should be manually
    updated when new driver is added.

******************************************************************************/


@source:homebrew/rc2014.cpp
rc2014                          // RC2014 Classic
rc2014bp5                       // RC2014 Backplane-5
rc2014bp8                       // RC2014 Backplane-8
rc2014pro                       // RC2014 Pro
rc2014bppro                     // RC2014 Backplane Pro
rc2014cl2                       // RC2014 Classic II
rc2014zed                       // RC2014 Zed
rc2014zedp                      // RC2014 Zed Pro
rc2014mini                      // RC2014 Mini
rc2014minicpm                   // RC2014 Mini with CP/M upgrade
rc2014micro                     // RC2014 Micro
sc105                           // SC105 - Modular Backplane (RC2014)
sc112                           // SC112 - Modular Backplane (RC2014)
sc116                           // SC116 - Modular Backplane (RC2014)
sc133                           // SC133 - Modular Backplane (RC2014)
sc203                           // SC203 - Modular Z180 Computer
